The system is: Darwin - 16.1.0 - x86_64
Compiling the C compiler identification source file "CMakeCCompilerId.c" succeeded.
Compiler:  
Build flags: 
Id flags: 

The output was:
0
=== BUILD TARGET CompilerIdC OF PROJECT CompilerIdC WITH THE DEFAULT CONFIGURATION (Debug) ===

Check dependencies

Write auxiliary files
/bin/mkdir -p /Users/manhtran/Documents/fishout/mac_build/CMakeFiles/3.6.2/CompilerIdC/CompilerIdC.build/Debug/CompilerIdC.build/Objects-normal/x86_64
write-file /Users/manhtran/Documents/fishout/mac_build/CMakeFiles/3.6.2/CompilerIdC/CompilerIdC.build/Debug/CompilerIdC.build/Objects-normal/x86_64/CompilerIdC.LinkFileList
write-file /Users/manhtran/Documents/fishout/mac_build/CMakeFiles/3.6.2/CompilerIdC/CompilerIdC.build/Debug/CompilerIdC.build/CompilerIdC-project-headers.hmap
write-file /Users/manhtran/Documents/fishout/mac_build/CMakeFiles/3.6.2/CompilerIdC/CompilerIdC.build/Debug/CompilerIdC.build/CompilerIdC-all-target-headers.hmap
write-file /Users/manhtran/Documents/fishout/mac_build/CMakeFiles/3.6.2/CompilerIdC/CompilerIdC.build/Debug/CompilerIdC.build/CompilerIdC.hmap
write-file /Users/manhtran/Documents/fishout/mac_build/CMakeFiles/3.6.2/CompilerIdC/CompilerIdC.build/Debug/CompilerIdC.build/CompilerIdC-generated-files.hmap
write-file /Users/manhtran/Documents/fishout/mac_build/CMakeFiles/3.6.2/CompilerIdC/CompilerIdC.build/Debug/CompilerIdC.build/CompilerIdC-all-non-framework-target-headers.hmap
write-file /Users/manhtran/Documents/fishout/mac_build/CMakeFiles/3.6.2/CompilerIdC/CompilerIdC.build/Debug/CompilerIdC.build/CompilerIdC-own-target-headers.hmap
write-file /Users/manhtran/Documents/fishout/mac_build/CMakeFiles/3.6.2/CompilerIdC/CompilerIdC.build/Debug/CompilerIdC.build/Script-2C8FEB8E15DC1A1A00E56A5D.sh
chmod 0755 /Users/manhtran/Documents/fishout/mac_build/CMakeFiles/3.6.2/CompilerIdC/CompilerIdC.build/Debug/CompilerIdC.build/Script-2C8FEB8E15DC1A1A00E56A5D.sh

CompileC CompilerIdC.build/Debug/CompilerIdC.build/Objects-normal/x86_64/CMakeCCompilerId.o CMakeCCompilerId.c normal x86_64 c com.apple.compilers.llvm.clang.1_0.compiler
    cd /Users/manhtran/Documents/fishout/mac_build/CMakeFiles/3.6.2/CompilerIdC
    export LANG=en_US.US-ASCII
    /Applications/Xcode.app/Contents/Developer/Toolchains/XcodeDefault.xctoolchain/usr/bin/clang -x c -arch x86_64 -fmessage-length=0 -fdiagnostics-show-note-include-stack -fmacro-backtrace-limit=0 -Wno-trigraphs -fpascal-strings -Os -Wno-missing-field-initializers -Wno-missing-prototypes -Wno-return-type -Wno-missing-braces -Wparentheses -Wswitch -Wno-unused-function -Wno-unused-label -Wno-unused-parameter -Wno-unused-variable -Wunused-value -Wno-empty-body -Wno-uninitialized -Wno-unknown-pragmas -Wno-shadow -Wno-four-char-constants -Wno-conversion -Wno-constant-conversion -Wno-int-conversion -Wno-bool-conversion -Wno-enum-conversion -Wno-shorten-64-to-32 -Wpointer-sign -Wno-newline-eof -isysroot /Applications/Xcode.app/Contents/Developer/Platforms/MacOSX.platform/Developer/SDKs/MacOSX10.12.sdk -fasm-blocks -fstrict-aliasing -Wdeprecated-declarations -mmacosx-version-min=10.12 -g -fvisibility=hidden -Wno-sign-conversion -Wno-infinite-recursion -I/Users/manhtran/Documents/fishout/mac_build/CMakeFiles/3.6.2/CompilerIdC/CompilerIdC.build/Debug/CompilerIdC.build/CompilerIdC.hmap -I/Users/manhtran/Documents/fishout/mac_build/CMakeFiles/3.6.2/CompilerIdC/include -I/Users/manhtran/Documents/fishout/mac_build/CMakeFiles/3.6.2/CompilerIdC/CompilerIdC.build/Debug/CompilerIdC.build/DerivedSources/x86_64 -I/Users/manhtran/Documents/fishout/mac_build/CMakeFiles/3.6.2/CompilerIdC/CompilerIdC.build/Debug/CompilerIdC.build/DerivedSources -F/Users/manhtran/Documents/fishout/mac_build/CMakeFiles/3.6.2/CompilerIdC -MMD -MT dependencies -MF /Users/manhtran/Documents/fishout/mac_build/CMakeFiles/3.6.2/CompilerIdC/CompilerIdC.build/Debug/CompilerIdC.build/Objects-normal/x86_64/CMakeCCompilerId.d --serialize-diagnostics /Users/manhtran/Documents/fishout/mac_build/CMakeFiles/3.6.2/CompilerIdC/CompilerIdC.build/Debug/CompilerIdC.build/Objects-normal/x86_64/CMakeCCompilerId.dia -c /Users/manhtran/Documents/fishout/mac_build/CMakeFiles/3.6.2/CompilerIdC/CMakeCCompilerId.c -o /Users/manhtran/Documents/fishout/mac_build/CMakeFiles/3.6.2/CompilerIdC/CompilerIdC.build/Debug/CompilerIdC.build/Objects-normal/x86_64/CMakeCCompilerId.o

Ld CompilerIdC normal x86_64
    cd /Users/manhtran/Documents/fishout/mac_build/CMakeFiles/3.6.2/CompilerIdC
    export MACOSX_DEPLOYMENT_TARGET=10.12
    /Applications/Xcode.app/Contents/Developer/Toolchains/XcodeDefault.xctoolchain/usr/bin/clang -arch x86_64 -isysroot /Applications/Xcode.app/Contents/Developer/Platforms/MacOSX.platform/Developer/SDKs/MacOSX10.12.sdk -L/Users/manhtran/Documents/fishout/mac_build/CMakeFiles/3.6.2/CompilerIdC -F/Users/manhtran/Documents/fishout/mac_build/CMakeFiles/3.6.2/CompilerIdC -filelist /Users/manhtran/Documents/fishout/mac_build/CMakeFiles/3.6.2/CompilerIdC/CompilerIdC.build/Debug/CompilerIdC.build/Objects-normal/x86_64/CompilerIdC.LinkFileList -mmacosx-version-min=10.12 -Xlinker -object_path_lto -Xlinker /Users/manhtran/Documents/fishout/mac_build/CMakeFiles/3.6.2/CompilerIdC/CompilerIdC.build/Debug/CompilerIdC.build/Objects-normal/x86_64/CompilerIdC_lto.o -Xlinker -dependency_info -Xlinker /Users/manhtran/Documents/fishout/mac_build/CMakeFiles/3.6.2/CompilerIdC/CompilerIdC.build/Debug/CompilerIdC.build/Objects-normal/x86_64/CompilerIdC_dependency_info.dat -o /Users/manhtran/Documents/fishout/mac_build/CMakeFiles/3.6.2/CompilerIdC/CompilerIdC

PhaseScriptExecution Run\ Script CompilerIdC.build/Debug/CompilerIdC.build/Script-2C8FEB8E15DC1A1A00E56A5D.sh
    cd /Users/manhtran/Documents/fishout/mac_build/CMakeFiles/3.6.2/CompilerIdC
    /bin/sh -c /Users/manhtran/Documents/fishout/mac_build/CMakeFiles/3.6.2/CompilerIdC/CompilerIdC.build/Debug/CompilerIdC.build/Script-2C8FEB8E15DC1A1A00E56A5D.sh
GCC_VERSION=com.apple.compilers.llvm.clang.1_0

** BUILD SUCCEEDED **



Compilation of the C compiler identification source "CMakeCCompilerId.c" produced "CompilerIdC"

The C compiler identification is AppleClang, found in "/Users/manhtran/Documents/fishout/mac_build/CMakeFiles/3.6.2/CompilerIdC/CompilerIdC"

Determining if the C compiler works passed with the following output:
Change Dir: /Users/manhtran/Documents/fishout/mac_build/CMakeFiles/CMakeTmp

Run Build Command:"/usr/bin/xcodebuild" "-project" "CMAKE_TRY_COMPILE.xcodeproj" "build" "-target" "cmTC_e762e" "-configuration" "Debug"
=== BUILD TARGET cmTC_e762e OF PROJECT CMAKE_TRY_COMPILE WITH CONFIGURATION Debug ===

Check dependencies

Write auxiliary files
/bin/mkdir -p /Users/manhtran/Documents/fishout/mac_build/CMakeFiles/CMakeTmp/CMAKE_TRY_COMPILE.build/Debug/cmTC_e762e.build/Objects-normal/x86_64
write-file /Users/manhtran/Documents/fishout/mac_build/CMakeFiles/CMakeTmp/CMAKE_TRY_COMPILE.build/Debug/cmTC_e762e.build/Objects-normal/x86_64/cmTC_e762e.LinkFileList

CompileC CMAKE_TRY_COMPILE.build/Debug/cmTC_e762e.build/Objects-normal/x86_64/testCCompiler.o testCCompiler.c normal x86_64 c com.apple.compilers.llvm.clang.1_0.compiler
    cd /Users/manhtran/Documents/fishout/mac_build/CMakeFiles/CMakeTmp
    export LANG=en_US.US-ASCII
    /Applications/Xcode.app/Contents/Developer/Toolchains/XcodeDefault.xctoolchain/usr/bin/clang -x c -arch x86_64 -fmessage-length=0 -fdiagnostics-show-note-include-stack -fmacro-backtrace-limit=0 -Wno-trigraphs -fpascal-strings -O0 -Wno-missing-field-initializers -Wno-missing-prototypes -Wno-return-type -Wno-missing-braces -Wparentheses -Wswitch -Wno-unused-function -Wno-unused-label -Wno-unused-parameter -Wno-unused-variable -Wunused-value -Wno-empty-body -Wno-uninitialized -Wno-unknown-pragmas -Wno-shadow -Wno-four-char-constants -Wno-conversion -Wno-constant-conversion -Wno-int-conversion -Wno-bool-conversion -Wno-enum-conversion -Wno-shorten-64-to-32 -Wpointer-sign -Wno-newline-eof -DCMAKE_INTDIR=\"Debug\" -isysroot /Applications/Xcode.app/Contents/Developer/Platforms/MacOSX.platform/Developer/SDKs/MacOSX10.12.sdk -fasm-blocks -fstrict-aliasing -Wdeprecated-declarations -mmacosx-version-min=10.12 -g -Wno-sign-conversion -Wno-infinite-recursion -I/Users/manhtran/Documents/fishout/mac_build/CMakeFiles/CMakeTmp/Debug/include -I/Users/manhtran/Documents/fishout/mac_build/CMakeFiles/CMakeTmp/CMAKE_TRY_COMPILE.build/Debug/cmTC_e762e.build/DerivedSources/x86_64 -I/Users/manhtran/Documents/fishout/mac_build/CMakeFiles/CMakeTmp/CMAKE_TRY_COMPILE.build/Debug/cmTC_e762e.build/DerivedSources -Wmost -Wno-four-char-constants -Wno-unknown-pragmas -F/Users/manhtran/Documents/fishout/mac_build/CMakeFiles/CMakeTmp/Debug -MMD -MT dependencies -MF /Users/manhtran/Documents/fishout/mac_build/CMakeFiles/CMakeTmp/CMAKE_TRY_COMPILE.build/Debug/cmTC_e762e.build/Objects-normal/x86_64/testCCompiler.d --serialize-diagnostics /Users/manhtran/Documents/fishout/mac_build/CMakeFiles/CMakeTmp/CMAKE_TRY_COMPILE.build/Debug/cmTC_e762e.build/Objects-normal/x86_64/testCCompiler.dia -c /Users/manhtran/Documents/fishout/mac_build/CMakeFiles/CMakeTmp/testCCompiler.c -o /Users/manhtran/Documents/fishout/mac_build/CMakeFiles/CMakeTmp/CMAKE_TRY_COMPILE.build/Debug/cmTC_e762e.build/Objects-normal/x86_64/testCCompiler.o

Ld Debug/cmTC_e762e normal x86_64
    cd /Users/manhtran/Documents/fishout/mac_build/CMakeFiles/CMakeTmp
    export MACOSX_DEPLOYMENT_TARGET=10.12
    /Applications/Xcode.app/Contents/Developer/Toolchains/XcodeDefault.xctoolchain/usr/bin/clang -arch x86_64 -isysroot /Applications/Xcode.app/Contents/Developer/Platforms/MacOSX.platform/Developer/SDKs/MacOSX10.12.sdk -L/Users/manhtran/Documents/fishout/mac_build/CMakeFiles/CMakeTmp/Debug -F/Users/manhtran/Documents/fishout/mac_build/CMakeFiles/CMakeTmp/Debug -filelist /Users/manhtran/Documents/fishout/mac_build/CMakeFiles/CMakeTmp/CMAKE_TRY_COMPILE.build/Debug/cmTC_e762e.build/Objects-normal/x86_64/cmTC_e762e.LinkFileList -mmacosx-version-min=10.12 -Xlinker -object_path_lto -Xlinker /Users/manhtran/Documents/fishout/mac_build/CMakeFiles/CMakeTmp/CMAKE_TRY_COMPILE.build/Debug/cmTC_e762e.build/Objects-normal/x86_64/cmTC_e762e_lto.o -Xlinker -no_deduplicate -Wl,-search_paths_first -Wl,-headerpad_max_install_names -Xlinker -dependency_info -Xlinker /Users/manhtran/Documents/fishout/mac_build/CMakeFiles/CMakeTmp/CMAKE_TRY_COMPILE.build/Debug/cmTC_e762e.build/Objects-normal/x86_64/cmTC_e762e_dependency_info.dat -o /Users/manhtran/Documents/fishout/mac_build/CMakeFiles/CMakeTmp/Debug/cmTC_e762e

** BUILD SUCCEEDED **



Detecting C compiler ABI info compiled with the following output:
Change Dir: /Users/manhtran/Documents/fishout/mac_build/CMakeFiles/CMakeTmp

Run Build Command:"/usr/bin/xcodebuild" "-project" "CMAKE_TRY_COMPILE.xcodeproj" "build" "-target" "cmTC_5499b" "-configuration" "Debug"
=== BUILD TARGET cmTC_5499b OF PROJECT CMAKE_TRY_COMPILE WITH CONFIGURATION Debug ===

Check dependencies

Write auxiliary files
/bin/mkdir -p /Users/manhtran/Documents/fishout/mac_build/CMakeFiles/CMakeTmp/CMAKE_TRY_COMPILE.build/Debug/cmTC_5499b.build/Objects-normal/x86_64
write-file /Users/manhtran/Documents/fishout/mac_build/CMakeFiles/CMakeTmp/CMAKE_TRY_COMPILE.build/Debug/cmTC_5499b.build/Objects-normal/x86_64/cmTC_5499b.LinkFileList

CompileC CMAKE_TRY_COMPILE.build/Debug/cmTC_5499b.build/Objects-normal/x86_64/CMakeCCompilerABI.o /usr/local/Cellar/cmake/3.6.2/share/cmake/Modules/CMakeCCompilerABI.c normal x86_64 c com.apple.compilers.llvm.clang.1_0.compiler
    cd /Users/manhtran/Documents/fishout/mac_build/CMakeFiles/CMakeTmp
    export LANG=en_US.US-ASCII
    /Applications/Xcode.app/Contents/Developer/Toolchains/XcodeDefault.xctoolchain/usr/bin/clang -x c -arch x86_64 -fmessage-length=0 -fdiagnostics-show-note-include-stack -fmacro-backtrace-limit=0 -Wno-trigraphs -fpascal-strings -O0 -Wno-missing-field-initializers -Wno-missing-prototypes -Wno-return-type -Wno-missing-braces -Wparentheses -Wswitch -Wno-unused-function -Wno-unused-label -Wno-unused-parameter -Wno-unused-variable -Wunused-value -Wno-empty-body -Wno-uninitialized -Wno-unknown-pragmas -Wno-shadow -Wno-four-char-constants -Wno-conversion -Wno-constant-conversion -Wno-int-conversion -Wno-bool-conversion -Wno-enum-conversion -Wno-shorten-64-to-32 -Wpointer-sign -Wno-newline-eof -DCMAKE_INTDIR=\"Debug\" -isysroot /Applications/Xcode.app/Contents/Developer/Platforms/MacOSX.platform/Developer/SDKs/MacOSX10.12.sdk -fasm-blocks -fstrict-aliasing -Wdeprecated-declarations -mmacosx-version-min=10.12 -g -Wno-sign-conversion -Wno-infinite-recursion -I/Users/manhtran/Documents/fishout/mac_build/CMakeFiles/CMakeTmp/Debug/include -I/Users/manhtran/Documents/fishout/mac_build/CMakeFiles/CMakeTmp/CMAKE_TRY_COMPILE.build/Debug/cmTC_5499b.build/DerivedSources/x86_64 -I/Users/manhtran/Documents/fishout/mac_build/CMakeFiles/CMakeTmp/CMAKE_TRY_COMPILE.build/Debug/cmTC_5499b.build/DerivedSources -Wmost -Wno-four-char-constants -Wno-unknown-pragmas -F/Users/manhtran/Documents/fishout/mac_build/CMakeFiles/CMakeTmp/Debug -MMD -MT dependencies -MF /Users/manhtran/Documents/fishout/mac_build/CMakeFiles/CMakeTmp/CMAKE_TRY_COMPILE.build/Debug/cmTC_5499b.build/Objects-normal/x86_64/CMakeCCompilerABI.d --serialize-diagnostics /Users/manhtran/Documents/fishout/mac_build/CMakeFiles/CMakeTmp/CMAKE_TRY_COMPILE.build/Debug/cmTC_5499b.build/Objects-normal/x86_64/CMakeCCompilerABI.dia -c /usr/local/Cellar/cmake/3.6.2/share/cmake/Modules/CMakeCCompilerABI.c -o /Users/manhtran/Documents/fishout/mac_build/CMakeFiles/CMakeTmp/CMAKE_TRY_COMPILE.build/Debug/cmTC_5499b.build/Objects-normal/x86_64/CMakeCCompilerABI.o

Ld Debug/cmTC_5499b normal x86_64
    cd /Users/manhtran/Documents/fishout/mac_build/CMakeFiles/CMakeTmp
    export MACOSX_DEPLOYMENT_TARGET=10.12
    /Applications/Xcode.app/Contents/Developer/Toolchains/XcodeDefault.xctoolchain/usr/bin/clang -arch x86_64 -isysroot /Applications/Xcode.app/Contents/Developer/Platforms/MacOSX.platform/Developer/SDKs/MacOSX10.12.sdk -L/Users/manhtran/Documents/fishout/mac_build/CMakeFiles/CMakeTmp/Debug -F/Users/manhtran/Documents/fishout/mac_build/CMakeFiles/CMakeTmp/Debug -filelist /Users/manhtran/Documents/fishout/mac_build/CMakeFiles/CMakeTmp/CMAKE_TRY_COMPILE.build/Debug/cmTC_5499b.build/Objects-normal/x86_64/cmTC_5499b.LinkFileList -mmacosx-version-min=10.12 -Xlinker -object_path_lto -Xlinker /Users/manhtran/Documents/fishout/mac_build/CMakeFiles/CMakeTmp/CMAKE_TRY_COMPILE.build/Debug/cmTC_5499b.build/Objects-normal/x86_64/cmTC_5499b_lto.o -Xlinker -no_deduplicate -v -Wl,-v -Wl,-search_paths_first -Wl,-headerpad_max_install_names -Xlinker -dependency_info -Xlinker /Users/manhtran/Documents/fishout/mac_build/CMakeFiles/CMakeTmp/CMAKE_TRY_COMPILE.build/Debug/cmTC_5499b.build/Objects-normal/x86_64/cmTC_5499b_dependency_info.dat -o /Users/manhtran/Documents/fishout/mac_build/CMakeFiles/CMakeTmp/Debug/cmTC_5499b
Apple LLVM version 8.0.0 (clang-800.0.42.1)
Target: x86_64-apple-darwin16.1.0
Thread model: posix
InstalledDir: /Applications/Xcode.app/Contents/Developer/Toolchains/XcodeDefault.xctoolchain/usr/bin
 "/Applications/Xcode.app/Contents/Developer/Toolchains/XcodeDefault.xctoolchain/usr/bin/ld" -demangle -dynamic -arch x86_64 -macosx_version_min 10.12.0 -syslibroot /Applications/Xcode.app/Contents/Developer/Platforms/MacOSX.platform/Developer/SDKs/MacOSX10.12.sdk -o /Users/manhtran/Documents/fishout/mac_build/CMakeFiles/CMakeTmp/Debug/cmTC_5499b -L/Users/manhtran/Documents/fishout/mac_build/CMakeFiles/CMakeTmp/Debug -filelist /Users/manhtran/Documents/fishout/mac_build/CMakeFiles/CMakeTmp/CMAKE_TRY_COMPILE.build/Debug/cmTC_5499b.build/Objects-normal/x86_64/cmTC_5499b.LinkFileList -object_path_lto /Users/manhtran/Documents/fishout/mac_build/CMakeFiles/CMakeTmp/CMAKE_TRY_COMPILE.build/Debug/cmTC_5499b.build/Objects-normal/x86_64/cmTC_5499b_lto.o -no_deduplicate -v -search_paths_first -headerpad_max_install_names -dependency_info /Users/manhtran/Documents/fishout/mac_build/CMakeFiles/CMakeTmp/CMAKE_TRY_COMPILE.build/Debug/cmTC_5499b.build/Objects-normal/x86_64/cmTC_5499b_dependency_info.dat -lSystem /Applications/Xcode.app/Contents/Developer/Toolchains/XcodeDefault.xctoolchain/usr/bin/../lib/clang/8.0.0/lib/darwin/libclang_rt.osx.a -F/Users/manhtran/Documents/fishout/mac_build/CMakeFiles/CMakeTmp/Debug
@(#)PROGRAM:ld  PROJECT:ld64-274.1
configured to support archs: armv6 armv7 armv7s arm64 i386 x86_64 x86_64h armv6m armv7k armv7m armv7em (tvOS)
Library search paths:
	/Users/manhtran/Documents/fishout/mac_build/CMakeFiles/CMakeTmp/Debug
	/Applications/Xcode.app/Contents/Developer/Platforms/MacOSX.platform/Developer/SDKs/MacOSX10.12.sdk/usr/lib
Framework search paths:
	/Users/manhtran/Documents/fishout/mac_build/CMakeFiles/CMakeTmp/Debug
	/Applications/Xcode.app/Contents/Developer/Platforms/MacOSX.platform/Developer/SDKs/MacOSX10.12.sdk/System/Library/Frameworks/

** BUILD SUCCEEDED **



Parsed C implicit link information from above output:
  link line regex: [^( *|.*[/\])(ld|([^/\]+-)?ld|collect2)[^/\]*( |$)]
  ignore line: [Change Dir: /Users/manhtran/Documents/fishout/mac_build/CMakeFiles/CMakeTmp]
  ignore line: []
  ignore line: [Run Build Command:"/usr/bin/xcodebuild" "-project" "CMAKE_TRY_COMPILE.xcodeproj" "build" "-target" "cmTC_5499b" "-configuration" "Debug"]
  ignore line: [=== BUILD TARGET cmTC_5499b OF PROJECT CMAKE_TRY_COMPILE WITH CONFIGURATION Debug ===]
  ignore line: []
  ignore line: [Check dependencies]
  ignore line: []
  ignore line: [Write auxiliary files]
  ignore line: [/bin/mkdir -p /Users/manhtran/Documents/fishout/mac_build/CMakeFiles/CMakeTmp/CMAKE_TRY_COMPILE.build/Debug/cmTC_5499b.build/Objects-normal/x86_64]
  ignore line: [write-file /Users/manhtran/Documents/fishout/mac_build/CMakeFiles/CMakeTmp/CMAKE_TRY_COMPILE.build/Debug/cmTC_5499b.build/Objects-normal/x86_64/cmTC_5499b.LinkFileList]
  ignore line: []
  ignore line: [CompileC CMAKE_TRY_COMPILE.build/Debug/cmTC_5499b.build/Objects-normal/x86_64/CMakeCCompilerABI.o /usr/local/Cellar/cmake/3.6.2/share/cmake/Modules/CMakeCCompilerABI.c normal x86_64 c com.apple.compilers.llvm.clang.1_0.compiler]
  ignore line: [    cd /Users/manhtran/Documents/fishout/mac_build/CMakeFiles/CMakeTmp]
  ignore line: [    export LANG=en_US.US-ASCII]
  ignore line: [    /Applications/Xcode.app/Contents/Developer/Toolchains/XcodeDefault.xctoolchain/usr/bin/clang -x c -arch x86_64 -fmessage-length=0 -fdiagnostics-show-note-include-stack -fmacro-backtrace-limit=0 -Wno-trigraphs -fpascal-strings -O0 -Wno-missing-field-initializers -Wno-missing-prototypes -Wno-return-type -Wno-missing-braces -Wparentheses -Wswitch -Wno-unused-function -Wno-unused-label -Wno-unused-parameter -Wno-unused-variable -Wunused-value -Wno-empty-body -Wno-uninitialized -Wno-unknown-pragmas -Wno-shadow -Wno-four-char-constants -Wno-conversion -Wno-constant-conversion -Wno-int-conversion -Wno-bool-conversion -Wno-enum-conversion -Wno-shorten-64-to-32 -Wpointer-sign -Wno-newline-eof -DCMAKE_INTDIR=\"Debug\" -isysroot /Applications/Xcode.app/Contents/Developer/Platforms/MacOSX.platform/Developer/SDKs/MacOSX10.12.sdk -fasm-blocks -fstrict-aliasing -Wdeprecated-declarations -mmacosx-version-min=10.12 -g -Wno-sign-conversion -Wno-infinite-recursion -I/Users/manhtran/Documents/fishout/mac_build/CMakeFiles/CMakeTmp/Debug/include -I/Users/manhtran/Documents/fishout/mac_build/CMakeFiles/CMakeTmp/CMAKE_TRY_COMPILE.build/Debug/cmTC_5499b.build/DerivedSources/x86_64 -I/Users/manhtran/Documents/fishout/mac_build/CMakeFiles/CMakeTmp/CMAKE_TRY_COMPILE.build/Debug/cmTC_5499b.build/DerivedSources -Wmost -Wno-four-char-constants -Wno-unknown-pragmas -F/Users/manhtran/Documents/fishout/mac_build/CMakeFiles/CMakeTmp/Debug -MMD -MT dependencies -MF /Users/manhtran/Documents/fishout/mac_build/CMakeFiles/CMakeTmp/CMAKE_TRY_COMPILE.build/Debug/cmTC_5499b.build/Objects-normal/x86_64/CMakeCCompilerABI.d --serialize-diagnostics /Users/manhtran/Documents/fishout/mac_build/CMakeFiles/CMakeTmp/CMAKE_TRY_COMPILE.build/Debug/cmTC_5499b.build/Objects-normal/x86_64/CMakeCCompilerABI.dia -c /usr/local/Cellar/cmake/3.6.2/share/cmake/Modules/CMakeCCompilerABI.c -o /Users/manhtran/Documents/fishout/mac_build/CMakeFiles/CMakeTmp/CMAKE_TRY_COMPILE.build/Debug/cmTC_5499b.build/Objects-normal/x86_64/CMakeCCompilerABI.o]
  ignore line: []
  ignore line: [Ld Debug/cmTC_5499b normal x86_64]
  ignore line: [    cd /Users/manhtran/Documents/fishout/mac_build/CMakeFiles/CMakeTmp]
  ignore line: [    export MACOSX_DEPLOYMENT_TARGET=10.12]
  ignore line: [    /Applications/Xcode.app/Contents/Developer/Toolchains/XcodeDefault.xctoolchain/usr/bin/clang -arch x86_64 -isysroot /Applications/Xcode.app/Contents/Developer/Platforms/MacOSX.platform/Developer/SDKs/MacOSX10.12.sdk -L/Users/manhtran/Documents/fishout/mac_build/CMakeFiles/CMakeTmp/Debug -F/Users/manhtran/Documents/fishout/mac_build/CMakeFiles/CMakeTmp/Debug -filelist /Users/manhtran/Documents/fishout/mac_build/CMakeFiles/CMakeTmp/CMAKE_TRY_COMPILE.build/Debug/cmTC_5499b.build/Objects-normal/x86_64/cmTC_5499b.LinkFileList -mmacosx-version-min=10.12 -Xlinker -object_path_lto -Xlinker /Users/manhtran/Documents/fishout/mac_build/CMakeFiles/CMakeTmp/CMAKE_TRY_COMPILE.build/Debug/cmTC_5499b.build/Objects-normal/x86_64/cmTC_5499b_lto.o -Xlinker -no_deduplicate -v -Wl,-v -Wl,-search_paths_first -Wl,-headerpad_max_install_names -Xlinker -dependency_info -Xlinker /Users/manhtran/Documents/fishout/mac_build/CMakeFiles/CMakeTmp/CMAKE_TRY_COMPILE.build/Debug/cmTC_5499b.build/Objects-normal/x86_64/cmTC_5499b_dependency_info.dat -o /Users/manhtran/Documents/fishout/mac_build/CMakeFiles/CMakeTmp/Debug/cmTC_5499b]
  ignore line: [Apple LLVM version 8.0.0 (clang-800.0.42.1)]
  ignore line: [Target: x86_64-apple-darwin16.1.0]
  ignore line: [Thread model: posix]
  ignore line: [InstalledDir: /Applications/Xcode.app/Contents/Developer/Toolchains/XcodeDefault.xctoolchain/usr/bin]
  reduced line: [ "/Applications/Xcode.app/Contents/Developer/Toolchains/XcodeDefault.xctoolchain/usr/bin/ld" -demangle -dynamic -arch x86_64 -macosx_version_min 10.12.0 -syslibroot /Applications/Xcode.app/Contents/Developer/Platforms/MacOSX.platform/Developer/SDKs/MacOSX10.12.sdk -o /Users/manhtran/Documents/fishout/mac_build/CMakeFiles/CMakeTmp/Debug/cmTC_5499b -L/Users/manhtran/Documents/fishout/mac_build/CMakeFiles/CMakeTmp/Debug -filelist /Users/manhtran/Documents/fishout/mac_build/CMakeFiles/CMakeTmp/CMAKE_TRY_COMPILE.build/Debug/cmTC_5499b.build/Objects-normal/x86_64/cmTC_5499b.LinkFileList -object_path_lto /Users/manhtran/Documents/fishout/mac_build/CMakeFiles/CMakeTmp/CMAKE_TRY_COMPILE.build/Debug/cmTC_5499b.build/Objects-normal/x86_64/cmTC_5499b_lto.o -no_deduplicate -v -search_paths_first -headerpad_max_install_names -dependency_info /Users/manhtran/Documents/fishout/mac_build/CMakeFiles/CMakeTmp/CMAKE_TRY_COMPILE.build/Debug/cmTC_5499b.build/Objects-normal/x86_64/cmTC_5499b_dependency_info.dat -lSystem /Applications/Xcode.app/Contents/Developer/Toolchains/XcodeDefault.xctoolchain/usr/bin/../lib/clang/8.0.0/lib/darwin/libclang_rt.osx.a -F/Users/manhtran/Documents/fishout/mac_build/CMakeFiles/CMakeTmp/Debug]
            to: [ "/Applications/Xcode.app/Contents/Developer/Toolchains/XcodeDefault.xctoolchain/usr/bin/ld" -demangle -dynamic -arch x86_64 -macosx_version_min 10.12.0 -syslibroot /Applications/Xcode.app/Contents/Developer/Platforms/MacOSX.platform/Developer/SDKs/MacOSX10.12.sdk -o /Users/manhtran/Documents/fishout/mac_build/CMakeFiles/CMakeTmp/Debug/cmTC_5499b -filelist /Users/manhtran/Documents/fishout/mac_build/CMakeFiles/CMakeTmp/CMAKE_TRY_COMPILE.build/Debug/cmTC_5499b.build/Objects-normal/x86_64/cmTC_5499b.LinkFileList -object_path_lto /Users/manhtran/Documents/fishout/mac_build/CMakeFiles/CMakeTmp/CMAKE_TRY_COMPILE.build/Debug/cmTC_5499b.build/Objects-normal/x86_64/cmTC_5499b_lto.o -no_deduplicate -v -search_paths_first -headerpad_max_install_names -dependency_info /Users/manhtran/Documents/fishout/mac_build/CMakeFiles/CMakeTmp/CMAKE_TRY_COMPILE.build/Debug/cmTC_5499b.build/Objects-normal/x86_64/cmTC_5499b_dependency_info.dat -lSystem /Applications/Xcode.app/Contents/Developer/Toolchains/XcodeDefault.xctoolchain/usr/bin/../lib/clang/8.0.0/lib/darwin/libclang_rt.osx.a ]
  link line: [ "/Applications/Xcode.app/Contents/Developer/Toolchains/XcodeDefault.xctoolchain/usr/bin/ld" -demangle -dynamic -arch x86_64 -macosx_version_min 10.12.0 -syslibroot /Applications/Xcode.app/Contents/Developer/Platforms/MacOSX.platform/Developer/SDKs/MacOSX10.12.sdk -o /Users/manhtran/Documents/fishout/mac_build/CMakeFiles/CMakeTmp/Debug/cmTC_5499b -filelist /Users/manhtran/Documents/fishout/mac_build/CMakeFiles/CMakeTmp/CMAKE_TRY_COMPILE.build/Debug/cmTC_5499b.build/Objects-normal/x86_64/cmTC_5499b.LinkFileList -object_path_lto /Users/manhtran/Documents/fishout/mac_build/CMakeFiles/CMakeTmp/CMAKE_TRY_COMPILE.build/Debug/cmTC_5499b.build/Objects-normal/x86_64/cmTC_5499b_lto.o -no_deduplicate -v -search_paths_first -headerpad_max_install_names -dependency_info /Users/manhtran/Documents/fishout/mac_build/CMakeFiles/CMakeTmp/CMAKE_TRY_COMPILE.build/Debug/cmTC_5499b.build/Objects-normal/x86_64/cmTC_5499b_dependency_info.dat -lSystem /Applications/Xcode.app/Contents/Developer/Toolchains/XcodeDefault.xctoolchain/usr/bin/../lib/clang/8.0.0/lib/darwin/libclang_rt.osx.a ]
    arg [/Applications/Xcode.app/Contents/Developer/Toolchains/XcodeDefault.xctoolchain/usr/bin/ld] ==> ignore
    arg [-demangle] ==> ignore
    arg [-dynamic] ==> ignore
    arg [-arch] ==> ignore
    arg [x86_64] ==> ignore
    arg [-macosx_version_min] ==> ignore
    arg [10.12.0] ==> ignore
    arg [-syslibroot] ==> ignore
    arg [/Applications/Xcode.app/Contents/Developer/Platforms/MacOSX.platform/Developer/SDKs/MacOSX10.12.sdk] ==> ignore
    arg [-o] ==> ignore
    arg [/Users/manhtran/Documents/fishout/mac_build/CMakeFiles/CMakeTmp/Debug/cmTC_5499b] ==> ignore
    arg [-filelist] ==> ignore
    arg [/Users/manhtran/Documents/fishout/mac_build/CMakeFiles/CMakeTmp/CMAKE_TRY_COMPILE.build/Debug/cmTC_5499b.build/Objects-normal/x86_64/cmTC_5499b.LinkFileList] ==> ignore
    arg [-object_path_lto] ==> ignore
    arg [/Users/manhtran/Documents/fishout/mac_build/CMakeFiles/CMakeTmp/CMAKE_TRY_COMPILE.build/Debug/cmTC_5499b.build/Objects-normal/x86_64/cmTC_5499b_lto.o] ==> ignore
    arg [-no_deduplicate] ==> ignore
    arg [-v] ==> ignore
    arg [-search_paths_first] ==> ignore
    arg [-headerpad_max_install_names] ==> ignore
    arg [-dependency_info] ==> ignore
    arg [/Users/manhtran/Documents/fishout/mac_build/CMakeFiles/CMakeTmp/CMAKE_TRY_COMPILE.build/Debug/cmTC_5499b.build/Objects-normal/x86_64/cmTC_5499b_dependency_info.dat] ==> ignore
    arg [-lSystem] ==> lib [System]
    arg [/Applications/Xcode.app/Contents/Developer/Toolchains/XcodeDefault.xctoolchain/usr/bin/../lib/clang/8.0.0/lib/darwin/libclang_rt.osx.a] ==> lib [/Applications/Xcode.app/Contents/Developer/Toolchains/XcodeDefault.xctoolchain/usr/bin/../lib/clang/8.0.0/lib/darwin/libclang_rt.osx.a]
  Library search paths: [;/Users/manhtran/Documents/fishout/mac_build/CMakeFiles/CMakeTmp/Debug;/Applications/Xcode.app/Contents/Developer/Platforms/MacOSX.platform/Developer/SDKs/MacOSX10.12.sdk/usr/lib]
  Framework search paths: [;/Users/manhtran/Documents/fishout/mac_build/CMakeFiles/CMakeTmp/Debug;/Applications/Xcode.app/Contents/Developer/Platforms/MacOSX.platform/Developer/SDKs/MacOSX10.12.sdk/System/Library/Frameworks/]
  remove lib [System]
  collapse lib [/Applications/Xcode.app/Contents/Developer/Toolchains/XcodeDefault.xctoolchain/usr/bin/../lib/clang/8.0.0/lib/darwin/libclang_rt.osx.a] ==> [/Applications/Xcode.app/Contents/Developer/Toolchains/XcodeDefault.xctoolchain/usr/lib/clang/8.0.0/lib/darwin/libclang_rt.osx.a]
  collapse library dir [/Users/manhtran/Documents/fishout/mac_build/CMakeFiles/CMakeTmp/Debug] ==> [/Users/manhtran/Documents/fishout/mac_build/CMakeFiles/CMakeTmp/Debug], skipping non-system directory
  collapse library dir [/Applications/Xcode.app/Contents/Developer/Platforms/MacOSX.platform/Developer/SDKs/MacOSX10.12.sdk/usr/lib] ==> [/Applications/Xcode.app/Contents/Developer/Platforms/MacOSX.platform/Developer/SDKs/MacOSX10.12.sdk/usr/lib]
  collapse framework dir [/Users/manhtran/Documents/fishout/mac_build/CMakeFiles/CMakeTmp/Debug] ==> [/Users/manhtran/Documents/fishout/mac_build/CMakeFiles/CMakeTmp/Debug], skipping non-system directory
  collapse framework dir [/Applications/Xcode.app/Contents/Developer/Platforms/MacOSX.platform/Developer/SDKs/MacOSX10.12.sdk/System/Library/Frameworks/] ==> [/Applications/Xcode.app/Contents/Developer/Platforms/MacOSX.platform/Developer/SDKs/MacOSX10.12.sdk/System/Library/Frameworks]
  implicit libs: [/Applications/Xcode.app/Contents/Developer/Toolchains/XcodeDefault.xctoolchain/usr/lib/clang/8.0.0/lib/darwin/libclang_rt.osx.a]
  implicit dirs: [/Applications/Xcode.app/Contents/Developer/Platforms/MacOSX.platform/Developer/SDKs/MacOSX10.12.sdk/usr/lib]
  implicit fwks: [/Applications/Xcode.app/Contents/Developer/Platforms/MacOSX.platform/Developer/SDKs/MacOSX10.12.sdk/System/Library/Frameworks]




Detecting C [-std=c11] compiler features compiled with the following output:
Change Dir: /Users/manhtran/Documents/fishout/mac_build/CMakeFiles/CMakeTmp

Run Build Command:"/usr/bin/xcodebuild" "-project" "CMAKE_TRY_COMPILE.xcodeproj" "build" "-target" "cmTC_912be" "-configuration" "Debug"
=== BUILD TARGET cmTC_912be OF PROJECT CMAKE_TRY_COMPILE WITH CONFIGURATION Debug ===

Check dependencies

Write auxiliary files
/bin/mkdir -p /Users/manhtran/Documents/fishout/mac_build/CMakeFiles/CMakeTmp/CMAKE_TRY_COMPILE.build/Debug/cmTC_912be.build/Objects-normal/x86_64
write-file /Users/manhtran/Documents/fishout/mac_build/CMakeFiles/CMakeTmp/CMAKE_TRY_COMPILE.build/Debug/cmTC_912be.build/Objects-normal/x86_64/cmTC_912be.LinkFileList

CompileC CMAKE_TRY_COMPILE.build/Debug/cmTC_912be.build/Objects-normal/x86_64/feature_tests.o /Users/manhtran/Documents/fishout/mac_build/CMakeFiles/feature_tests.c normal x86_64 c com.apple.compilers.llvm.clang.1_0.compiler
    cd /Users/manhtran/Documents/fishout/mac_build/CMakeFiles/CMakeTmp
    export LANG=en_US.US-ASCII
    /Applications/Xcode.app/Contents/Developer/Toolchains/XcodeDefault.xctoolchain/usr/bin/clang -x c -arch x86_64 -fmessage-length=0 -fdiagnostics-show-note-include-stack -fmacro-backtrace-limit=0 -Wno-trigraphs -fpascal-strings -O0 -Wno-missing-field-initializers -Wno-missing-prototypes -Wno-return-type -Wno-missing-braces -Wparentheses -Wswitch -Wno-unused-function -Wno-unused-label -Wno-unused-parameter -Wno-unused-variable -Wunused-value -Wno-empty-body -Wno-uninitialized -Wno-unknown-pragmas -Wno-shadow -Wno-four-char-constants -Wno-conversion -Wno-constant-conversion -Wno-int-conversion -Wno-bool-conversion -Wno-enum-conversion -Wno-shorten-64-to-32 -Wpointer-sign -Wno-newline-eof -DCMAKE_INTDIR=\"Debug\" -isysroot /Applications/Xcode.app/Contents/Developer/Platforms/MacOSX.platform/Developer/SDKs/MacOSX10.12.sdk -fasm-blocks -fstrict-aliasing -Wdeprecated-declarations -mmacosx-version-min=10.12 -g -Wno-sign-conversion -Wno-infinite-recursion -I/Users/manhtran/Documents/fishout/mac_build/CMakeFiles/CMakeTmp/Debug/include -I/Users/manhtran/Documents/fishout/mac_build/CMakeFiles/CMakeTmp/CMAKE_TRY_COMPILE.build/Debug/cmTC_912be.build/DerivedSources/x86_64 -I/Users/manhtran/Documents/fishout/mac_build/CMakeFiles/CMakeTmp/CMAKE_TRY_COMPILE.build/Debug/cmTC_912be.build/DerivedSources -Wmost -Wno-four-char-constants -Wno-unknown-pragmas -F/Users/manhtran/Documents/fishout/mac_build/CMakeFiles/CMakeTmp/Debug -std=c11 -MMD -MT dependencies -MF /Users/manhtran/Documents/fishout/mac_build/CMakeFiles/CMakeTmp/CMAKE_TRY_COMPILE.build/Debug/cmTC_912be.build/Objects-normal/x86_64/feature_tests.d --serialize-diagnostics /Users/manhtran/Documents/fishout/mac_build/CMakeFiles/CMakeTmp/CMAKE_TRY_COMPILE.build/Debug/cmTC_912be.build/Objects-normal/x86_64/feature_tests.dia -c /Users/manhtran/Documents/fishout/mac_build/CMakeFiles/feature_tests.c -o /Users/manhtran/Documents/fishout/mac_build/CMakeFiles/CMakeTmp/CMAKE_TRY_COMPILE.build/Debug/cmTC_912be.build/Objects-normal/x86_64/feature_tests.o

Ld Debug/cmTC_912be normal x86_64
    cd /Users/manhtran/Documents/fishout/mac_build/CMakeFiles/CMakeTmp
    export MACOSX_DEPLOYMENT_TARGET=10.12
    /Applications/Xcode.app/Contents/Developer/Toolchains/XcodeDefault.xctoolchain/usr/bin/clang -arch x86_64 -isysroot /Applications/Xcode.app/Contents/Developer/Platforms/MacOSX.platform/Developer/SDKs/MacOSX10.12.sdk -L/Users/manhtran/Documents/fishout/mac_build/CMakeFiles/CMakeTmp/Debug -F/Users/manhtran/Documents/fishout/mac_build/CMakeFiles/CMakeTmp/Debug -filelist /Users/manhtran/Documents/fishout/mac_build/CMakeFiles/CMakeTmp/CMAKE_TRY_COMPILE.build/Debug/cmTC_912be.build/Objects-normal/x86_64/cmTC_912be.LinkFileList -mmacosx-version-min=10.12 -Xlinker -object_path_lto -Xlinker /Users/manhtran/Documents/fishout/mac_build/CMakeFiles/CMakeTmp/CMAKE_TRY_COMPILE.build/Debug/cmTC_912be.build/Objects-normal/x86_64/cmTC_912be_lto.o -Xlinker -no_deduplicate -Wl,-search_paths_first -Wl,-headerpad_max_install_names -Xlinker -dependency_info -Xlinker /Users/manhtran/Documents/fishout/mac_build/CMakeFiles/CMakeTmp/CMAKE_TRY_COMPILE.build/Debug/cmTC_912be.build/Objects-normal/x86_64/cmTC_912be_dependency_info.dat -o /Users/manhtran/Documents/fishout/mac_build/CMakeFiles/CMakeTmp/Debug/cmTC_912be

** BUILD SUCCEEDED **



    Feature record: C_FEATURE:1c_function_prototypes
    Feature record: C_FEATURE:1c_restrict
    Feature record: C_FEATURE:1c_static_assert
    Feature record: C_FEATURE:1c_variadic_macros


Detecting C [-std=c99] compiler features compiled with the following output:
Change Dir: /Users/manhtran/Documents/fishout/mac_build/CMakeFiles/CMakeTmp

Run Build Command:"/usr/bin/xcodebuild" "-project" "CMAKE_TRY_COMPILE.xcodeproj" "build" "-target" "cmTC_9ab5f" "-configuration" "Debug"
=== BUILD TARGET cmTC_9ab5f OF PROJECT CMAKE_TRY_COMPILE WITH CONFIGURATION Debug ===

Check dependencies

Write auxiliary files
/bin/mkdir -p /Users/manhtran/Documents/fishout/mac_build/CMakeFiles/CMakeTmp/CMAKE_TRY_COMPILE.build/Debug/cmTC_9ab5f.build/Objects-normal/x86_64
write-file /Users/manhtran/Documents/fishout/mac_build/CMakeFiles/CMakeTmp/CMAKE_TRY_COMPILE.build/Debug/cmTC_9ab5f.build/Objects-normal/x86_64/cmTC_9ab5f.LinkFileList

CompileC CMAKE_TRY_COMPILE.build/Debug/cmTC_9ab5f.build/Objects-normal/x86_64/feature_tests.o /Users/manhtran/Documents/fishout/mac_build/CMakeFiles/feature_tests.c normal x86_64 c com.apple.compilers.llvm.clang.1_0.compiler
    cd /Users/manhtran/Documents/fishout/mac_build/CMakeFiles/CMakeTmp
    export LANG=en_US.US-ASCII
    /Applications/Xcode.app/Contents/Developer/Toolchains/XcodeDefault.xctoolchain/usr/bin/clang -x c -arch x86_64 -fmessage-length=0 -fdiagnostics-show-note-include-stack -fmacro-backtrace-limit=0 -Wno-trigraphs -fpascal-strings -O0 -Wno-missing-field-initializers -Wno-missing-prototypes -Wno-return-type -Wno-missing-braces -Wparentheses -Wswitch -Wno-unused-function -Wno-unused-label -Wno-unused-parameter -Wno-unused-variable -Wunused-value -Wno-empty-body -Wno-uninitialized -Wno-unknown-pragmas -Wno-shadow -Wno-four-char-constants -Wno-conversion -Wno-constant-conversion -Wno-int-conversion -Wno-bool-conversion -Wno-enum-conversion -Wno-shorten-64-to-32 -Wpointer-sign -Wno-newline-eof -DCMAKE_INTDIR=\"Debug\" -isysroot /Applications/Xcode.app/Contents/Developer/Platforms/MacOSX.platform/Developer/SDKs/MacOSX10.12.sdk -fasm-blocks -fstrict-aliasing -Wdeprecated-declarations -mmacosx-version-min=10.12 -g -Wno-sign-conversion -Wno-infinite-recursion -I/Users/manhtran/Documents/fishout/mac_build/CMakeFiles/CMakeTmp/Debug/include -I/Users/manhtran/Documents/fishout/mac_build/CMakeFiles/CMakeTmp/CMAKE_TRY_COMPILE.build/Debug/cmTC_9ab5f.build/DerivedSources/x86_64 -I/Users/manhtran/Documents/fishout/mac_build/CMakeFiles/CMakeTmp/CMAKE_TRY_COMPILE.build/Debug/cmTC_9ab5f.build/DerivedSources -Wmost -Wno-four-char-constants -Wno-unknown-pragmas -F/Users/manhtran/Documents/fishout/mac_build/CMakeFiles/CMakeTmp/Debug -std=c99 -MMD -MT dependencies -MF /Users/manhtran/Documents/fishout/mac_build/CMakeFiles/CMakeTmp/CMAKE_TRY_COMPILE.build/Debug/cmTC_9ab5f.build/Objects-normal/x86_64/feature_tests.d --serialize-diagnostics /Users/manhtran/Documents/fishout/mac_build/CMakeFiles/CMakeTmp/CMAKE_TRY_COMPILE.build/Debug/cmTC_9ab5f.build/Objects-normal/x86_64/feature_tests.dia -c /Users/manhtran/Documents/fishout/mac_build/CMakeFiles/feature_tests.c -o /Users/manhtran/Documents/fishout/mac_build/CMakeFiles/CMakeTmp/CMAKE_TRY_COMPILE.build/Debug/cmTC_9ab5f.build/Objects-normal/x86_64/feature_tests.o

Ld Debug/cmTC_9ab5f normal x86_64
    cd /Users/manhtran/Documents/fishout/mac_build/CMakeFiles/CMakeTmp
    export MACOSX_DEPLOYMENT_TARGET=10.12
    /Applications/Xcode.app/Contents/Developer/Toolchains/XcodeDefault.xctoolchain/usr/bin/clang -arch x86_64 -isysroot /Applications/Xcode.app/Contents/Developer/Platforms/MacOSX.platform/Developer/SDKs/MacOSX10.12.sdk -L/Users/manhtran/Documents/fishout/mac_build/CMakeFiles/CMakeTmp/Debug -F/Users/manhtran/Documents/fishout/mac_build/CMakeFiles/CMakeTmp/Debug -filelist /Users/manhtran/Documents/fishout/mac_build/CMakeFiles/CMakeTmp/CMAKE_TRY_COMPILE.build/Debug/cmTC_9ab5f.build/Objects-normal/x86_64/cmTC_9ab5f.LinkFileList -mmacosx-version-min=10.12 -Xlinker -object_path_lto -Xlinker /Users/manhtran/Documents/fishout/mac_build/CMakeFiles/CMakeTmp/CMAKE_TRY_COMPILE.build/Debug/cmTC_9ab5f.build/Objects-normal/x86_64/cmTC_9ab5f_lto.o -Xlinker -no_deduplicate -Wl,-search_paths_first -Wl,-headerpad_max_install_names -Xlinker -dependency_info -Xlinker /Users/manhtran/Documents/fishout/mac_build/CMakeFiles/CMakeTmp/CMAKE_TRY_COMPILE.build/Debug/cmTC_9ab5f.build/Objects-normal/x86_64/cmTC_9ab5f_dependency_info.dat -o /Users/manhtran/Documents/fishout/mac_build/CMakeFiles/CMakeTmp/Debug/cmTC_9ab5f

** BUILD SUCCEEDED **



    Feature record: C_FEATURE:1c_function_prototypes
    Feature record: C_FEATURE:1c_restrict
    Feature record: C_FEATURE:0c_static_assert
    Feature record: C_FEATURE:1c_variadic_macros


Detecting C [-std=c90] compiler features compiled with the following output:
Change Dir: /Users/manhtran/Documents/fishout/mac_build/CMakeFiles/CMakeTmp

Run Build Command:"/usr/bin/xcodebuild" "-project" "CMAKE_TRY_COMPILE.xcodeproj" "build" "-target" "cmTC_83eb8" "-configuration" "Debug"
=== BUILD TARGET cmTC_83eb8 OF PROJECT CMAKE_TRY_COMPILE WITH CONFIGURATION Debug ===

Check dependencies

Write auxiliary files
/bin/mkdir -p /Users/manhtran/Documents/fishout/mac_build/CMakeFiles/CMakeTmp/CMAKE_TRY_COMPILE.build/Debug/cmTC_83eb8.build/Objects-normal/x86_64
write-file /Users/manhtran/Documents/fishout/mac_build/CMakeFiles/CMakeTmp/CMAKE_TRY_COMPILE.build/Debug/cmTC_83eb8.build/Objects-normal/x86_64/cmTC_83eb8.LinkFileList

CompileC CMAKE_TRY_COMPILE.build/Debug/cmTC_83eb8.build/Objects-normal/x86_64/feature_tests.o /Users/manhtran/Documents/fishout/mac_build/CMakeFiles/feature_tests.c normal x86_64 c com.apple.compilers.llvm.clang.1_0.compiler
    cd /Users/manhtran/Documents/fishout/mac_build/CMakeFiles/CMakeTmp
    export LANG=en_US.US-ASCII
    /Applications/Xcode.app/Contents/Developer/Toolchains/XcodeDefault.xctoolchain/usr/bin/clang -x c -arch x86_64 -fmessage-length=0 -fdiagnostics-show-note-include-stack -fmacro-backtrace-limit=0 -Wno-trigraphs -fpascal-strings -O0 -Wno-missing-field-initializers -Wno-missing-prototypes -Wno-return-type -Wno-missing-braces -Wparentheses -Wswitch -Wno-unused-function -Wno-unused-label -Wno-unused-parameter -Wno-unused-variable -Wunused-value -Wno-empty-body -Wno-uninitialized -Wno-unknown-pragmas -Wno-shadow -Wno-four-char-constants -Wno-conversion -Wno-constant-conversion -Wno-int-conversion -Wno-bool-conversion -Wno-enum-conversion -Wno-shorten-64-to-32 -Wpointer-sign -Wno-newline-eof -DCMAKE_INTDIR=\"Debug\" -isysroot /Applications/Xcode.app/Contents/Developer/Platforms/MacOSX.platform/Developer/SDKs/MacOSX10.12.sdk -fasm-blocks -fstrict-aliasing -Wdeprecated-declarations -mmacosx-version-min=10.12 -g -Wno-sign-conversion -Wno-infinite-recursion -I/Users/manhtran/Documents/fishout/mac_build/CMakeFiles/CMakeTmp/Debug/include -I/Users/manhtran/Documents/fishout/mac_build/CMakeFiles/CMakeTmp/CMAKE_TRY_COMPILE.build/Debug/cmTC_83eb8.build/DerivedSources/x86_64 -I/Users/manhtran/Documents/fishout/mac_build/CMakeFiles/CMakeTmp/CMAKE_TRY_COMPILE.build/Debug/cmTC_83eb8.build/DerivedSources -Wmost -Wno-four-char-constants -Wno-unknown-pragmas -F/Users/manhtran/Documents/fishout/mac_build/CMakeFiles/CMakeTmp/Debug -std=c90 -MMD -MT dependencies -MF /Users/manhtran/Documents/fishout/mac_build/CMakeFiles/CMakeTmp/CMAKE_TRY_COMPILE.build/Debug/cmTC_83eb8.build/Objects-normal/x86_64/feature_tests.d --serialize-diagnostics /Users/manhtran/Documents/fishout/mac_build/CMakeFiles/CMakeTmp/CMAKE_TRY_COMPILE.build/Debug/cmTC_83eb8.build/Objects-normal/x86_64/feature_tests.dia -c /Users/manhtran/Documents/fishout/mac_build/CMakeFiles/feature_tests.c -o /Users/manhtran/Documents/fishout/mac_build/CMakeFiles/CMakeTmp/CMAKE_TRY_COMPILE.build/Debug/cmTC_83eb8.build/Objects-normal/x86_64/feature_tests.o

Ld Debug/cmTC_83eb8 normal x86_64
    cd /Users/manhtran/Documents/fishout/mac_build/CMakeFiles/CMakeTmp
    export MACOSX_DEPLOYMENT_TARGET=10.12
    /Applications/Xcode.app/Contents/Developer/Toolchains/XcodeDefault.xctoolchain/usr/bin/clang -arch x86_64 -isysroot /Applications/Xcode.app/Contents/Developer/Platforms/MacOSX.platform/Developer/SDKs/MacOSX10.12.sdk -L/Users/manhtran/Documents/fishout/mac_build/CMakeFiles/CMakeTmp/Debug -F/Users/manhtran/Documents/fishout/mac_build/CMakeFiles/CMakeTmp/Debug -filelist /Users/manhtran/Documents/fishout/mac_build/CMakeFiles/CMakeTmp/CMAKE_TRY_COMPILE.build/Debug/cmTC_83eb8.build/Objects-normal/x86_64/cmTC_83eb8.LinkFileList -mmacosx-version-min=10.12 -Xlinker -object_path_lto -Xlinker /Users/manhtran/Documents/fishout/mac_build/CMakeFiles/CMakeTmp/CMAKE_TRY_COMPILE.build/Debug/cmTC_83eb8.build/Objects-normal/x86_64/cmTC_83eb8_lto.o -Xlinker -no_deduplicate -Wl,-search_paths_first -Wl,-headerpad_max_install_names -Xlinker -dependency_info -Xlinker /Users/manhtran/Documents/fishout/mac_build/CMakeFiles/CMakeTmp/CMAKE_TRY_COMPILE.build/Debug/cmTC_83eb8.build/Objects-normal/x86_64/cmTC_83eb8_dependency_info.dat -o /Users/manhtran/Documents/fishout/mac_build/CMakeFiles/CMakeTmp/Debug/cmTC_83eb8

** BUILD SUCCEEDED **



    Feature record: C_FEATURE:1c_function_prototypes
    Feature record: C_FEATURE:0c_restrict
    Feature record: C_FEATURE:0c_static_assert
    Feature record: C_FEATURE:0c_variadic_macros
